<?xml version="1.0" encoding="UTF-8"?>
<testsuite xmlns:xsi="http://www.w3.org/2001/XMLSchema-instance" xsi:noNamespaceSchemaLocation="https://maven.apache.org/surefire/maven-surefire-plugin/xsd/surefire-test-report.xsd" version="3.0.2" name="com.example.lms.HibernateLmsApplicationTests" time="8.536" tests="1" errors="0" skipped="0" failures="0">
  <properties>
[...]
</properties>
  <testcase name="contextLoads" classname="com.example.lms.HibernateLmsApplicationTests" time="0.94">
    <system-out><![CDATA[16:20:30.386 [main] INFO org.springframework.test.context.support.AnnotationConfigContextLoaderUtils -- Could not detect default configuration classes for test class [com.example.lms.HibernateLmsApplicationTests]: HibernateLmsApplicationTests does not declare any static, non-private, non-final, nested classes annotated with @Configuration.
16:20:30.558 [main] INFO org.springframework.boot.test.context.SpringBootTestContextBootstrapper -- Found @SpringBootConfiguration com.example.lms.HibernateLmsApplication for test class com.example.lms.HibernateLmsApplicationTests

  .   ____          _            __ _ _
 /\\ / ___'_ __ _ _(_)_ __  __ _ \ \ \ \
( ( )\___ | '_ | '_| | '_ \/ _` | \ \ \ \
 \\/  ___)| |_)| | | | | || (_| |  ) ) ) )
  '  |____| .__|_| |_|_| |_\__, | / / / /
 =========|_|==============|___/=/_/_/_/

 :: Spring Boot ::                (v3.4.2)

2025-03-04T16:20:31.127+01:00  INFO 5321 --- [hibernate-lms-application] [           main] c.e.lms.HibernateLmsApplicationTests     : Starting HibernateLmsApplicationTests using Java 23.0.2 with PID 5321 (started by test in /Users/test/FlywayMigration)
2025-03-04T16:20:31.129+01:00  INFO 5321 --- [hibernate-lms-application] [           main] c.e.lms.HibernateLmsApplicationTests     : The following 1 profile is active: "local"
2025-03-04T16:20:32.350+01:00  INFO 5321 --- [hibernate-lms-application] [           main] .s.d.r.c.RepositoryConfigurationDelegate : Bootstrapping Spring Data JPA repositories in DEFAULT mode.
2025-03-04T16:20:32.507+01:00  INFO 5321 --- [hibernate-lms-application] [           main] .s.d.r.c.RepositoryConfigurationDelegate : Finished Spring Data repository scanning in 141 ms. Found 6 JPA repository interfaces.
2025-03-04T16:20:33.571+01:00  INFO 5321 --- [hibernate-lms-application] [           main] o.f.c.internal.license.VersionPrinter    : Flyway Community Edition 9.22.3 by Redgate
2025-03-04T16:20:33.571+01:00  INFO 5321 --- [hibernate-lms-application] [           main] o.f.c.internal.license.VersionPrinter    : See release notes here: https://rd.gt/416ObMi
2025-03-04T16:20:33.571+01:00  INFO 5321 --- [hibernate-lms-application] [           main] o.f.c.internal.license.VersionPrinter    : 
2025-03-04T16:20:33.637+01:00  INFO 5321 --- [hibernate-lms-application] [           main] org.flywaydb.core.FlywayExecutor         : Database: jdbc:postgresql://localhost:5432/lms (PostgreSQL 15.4)
2025-03-04T16:20:33.689+01:00  INFO 5321 --- [hibernate-lms-application] [           main] o.f.core.internal.command.DbValidate     : Successfully validated 3 migrations (execution time 00:00.027s)
2025-03-04T16:20:33.720+01:00  INFO 5321 --- [hibernate-lms-application] [           main] o.f.core.internal.command.DbMigrate      : Current version of schema "public": 2
2025-03-04T16:20:33.724+01:00  INFO 5321 --- [hibernate-lms-application] [           main] o.f.core.internal.command.DbMigrate      : Schema "public" is up to date. No migration necessary.
2025-03-04T16:20:33.830+01:00  INFO 5321 --- [hibernate-lms-application] [           main] o.hibernate.jpa.internal.util.LogHelper  : HHH000204: Processing PersistenceUnitInfo [name: default]
2025-03-04T16:20:33.900+01:00  INFO 5321 --- [hibernate-lms-application] [           main] org.hibernate.Version                    : HHH000412: Hibernate ORM core version 6.6.5.Final
2025-03-04T16:20:33.945+01:00  INFO 5321 --- [hibernate-lms-application] [           main] o.h.c.internal.RegionFactoryInitiator    : HHH000026: Second-level cache disabled
2025-03-04T16:20:34.345+01:00  INFO 5321 --- [hibernate-lms-application] [           main] o.s.o.j.p.SpringPersistenceUnitInfo      : No LoadTimeWeaver setup: ignoring JPA class transformer
2025-03-04T16:20:34.383+01:00  INFO 5321 --- [hibernate-lms-application] [           main] com.zaxxer.hikari.HikariDataSource       : HikariPool-1 - Starting...
2025-03-04T16:20:34.414+01:00  INFO 5321 --- [hibernate-lms-application] [           main] com.zaxxer.hikari.pool.HikariPool        : HikariPool-1 - Added connection org.postgresql.jdbc.PgConnection@578b2dec
2025-03-04T16:20:34.416+01:00  INFO 5321 --- [hibernate-lms-application] [           main] com.zaxxer.hikari.HikariDataSource       : HikariPool-1 - Start completed.
2025-03-04T16:20:34.454+01:00  WARN 5321 --- [hibernate-lms-application] [           main] org.hibernate.orm.deprecation            : HHH90000025: PostgreSQLDialect does not need to be specified explicitly using 'hibernate.dialect' (remove the property setting and it will be selected by default)
2025-03-04T16:20:34.475+01:00  INFO 5321 --- [hibernate-lms-application] [           main] org.hibernate.orm.connections.pooling    : HHH10001005: Database info:
	Database JDBC URL [Connecting through datasource 'HikariDataSource (HikariPool-1)']
	Database driver: undefined/unknown
	Database version: 15.4
	Autocommit mode: undefined/unknown
	Isolation level: undefined/unknown
	Minimum pool size: undefined/unknown
	Maximum pool size: undefined/unknown
2025-03-04T16:20:35.730+01:00  INFO 5321 --- [hibernate-lms-application] [           main] o.h.e.t.j.p.i.JtaPlatformInitiator       : HHH000489: No JTA platform available (set 'hibernate.transaction.jta.platform' to enable JTA platform integration)
2025-03-04T16:20:35.737+01:00  INFO 5321 --- [hibernate-lms-application] [           main] j.LocalContainerEntityManagerFactoryBean : Initialized JPA EntityManagerFactory for persistence unit 'default'
2025-03-04T16:20:36.305+01:00  INFO 5321 --- [hibernate-lms-application] [           main] eAuthenticationProviderManagerConfigurer : Global AuthenticationManager configured with AuthenticationProvider bean with name authenticationProvider
2025-03-04T16:20:36.306+01:00  WARN 5321 --- [hibernate-lms-application] [           main] r$InitializeUserDetailsManagerConfigurer : Global AuthenticationManager configured with an AuthenticationProvider bean. UserDetailsService beans will not be used by Spring Security for automatically configuring username/password login. Consider removing the AuthenticationProvider bean. Alternatively, consider using the UserDetailsService in a manually instantiated DaoAuthenticationProvider. If the current configuration is intentional, to turn off this warning, increase the logging level of 'org.springframework.security.config.annotation.authentication.configuration.InitializeUserDetailsBeanManagerConfigurer' to ERROR
2025-03-04T16:20:36.559+01:00  WARN 5321 --- [hibernate-lms-application] [           main] JpaBaseConfiguration$JpaWebConfiguration : spring.jpa.open-in-view is enabled by default. Therefore, database queries may be performed during view rendering. Explicitly configure spring.jpa.open-in-view to disable this warning
2025-03-04T16:20:37.715+01:00  INFO 5321 --- [hibernate-lms-application] [           main] c.e.lms.HibernateLmsApplicationTests     : Started HibernateLmsApplicationTests in 6.956 seconds (process running for 8.417)
]]></system-out>
    <system-err><![CDATA[Mockito is currently self-attaching to enable the inline-mock-maker. This will no longer work in future releases of the JDK. Please add Mockito as an agent to your build what is described in Mockito's documentation: https://javadoc.io/doc/org.mockito/mockito-core/latest/org/mockito/Mockito.html#0.3
WARNING: A Java agent has been loaded dynamically (/Users/test/.m2/repository/net/bytebuddy/byte-buddy-agent/1.15.11/byte-buddy-agent-1.15.11.jar)
WARNING: If a serviceability tool is in use, please run with -XX:+EnableDynamicAgentLoading to hide this warning
WARNING: If a serviceability tool is not in use, please run with -Djdk.instrument.traceUsage for more information
WARNING: Dynamic loading of agents will be disallowed by default in a future release
]]></system-err>
  </testcase>
</testsuite>