<?xml version="1.0" encoding="UTF-8"?>
<testsuite xmlns:xsi="http://www.w3.org/2001/XMLSchema-instance" xsi:noNamespaceSchemaLocation="https://maven.apache.org/surefire/maven-surefire-plugin/xsd/surefire-test-report.xsd" version="3.0.2" name="com.example.lms.HibernateLmsApplicationTests" time="11.978" tests="1" errors="0" skipped="0" failures="0">
  <properties>
[...]
</properties>
  <testcase name="contextLoads" classname="com.example.lms.HibernateLmsApplicationTests" time="0.597">
    <system-out><![CDATA[Standard Commons Logging discovery in action with spring-jcl: please remove commons-logging.jar from classpath in order to avoid potential conflicts
23:40:05.116 [main] INFO org.springframework.test.context.support.AnnotationConfigContextLoaderUtils -- Could not detect default configuration classes for test class [com.example.lms.HibernateLmsApplicationTests]: HibernateLmsApplicationTests does not declare any static, non-private, non-final, nested classes annotated with @Configuration.
23:40:05.299 [main] INFO org.springframework.boot.test.context.SpringBootTestContextBootstrapper -- Found @SpringBootConfiguration com.example.lms.HibernateLmsApplication for test class com.example.lms.HibernateLmsApplicationTests

  .   ____          _            __ _ _
 /\\ / ___'_ __ _ _(_)_ __  __ _ \ \ \ \
( ( )\___ | '_ | '_| | '_ \/ _` | \ \ \ \
 \\/  ___)| |_)| | | | | || (_| |  ) ) ) )
  '  |____| .__|_| |_|_| |_\__, | / / / /
 =========|_|==============|___/=/_/_/_/

 :: Spring Boot ::                (v3.4.2)

2025-06-12T23:40:05.974+01:00  WARN 19995 --- [hibernate-lms-application] [           main] ory$DuplicateJsonObjectContextCustomizer : 

Found multiple occurrences of org.json.JSONObject on the class path:

	jar:file:/Users/test/.m2/repository/org/json/json/20220320/json-20220320.jar!/org/json/JSONObject.class
	jar:file:/Users/test/.m2/repository/com/vaadin/external/google/android-json/0.0.20131108.vaadin1/android-json-0.0.20131108.vaadin1.jar!/org/json/JSONObject.class

You may wish to exclude one of them to ensure predictable runtime behavior

2025-06-12T23:40:06.000+01:00  INFO 19995 --- [hibernate-lms-application] [           main] c.e.lms.HibernateLmsApplicationTests     : Starting HibernateLmsApplicationTests using Java 23.0.2 with PID 19995 (started by test in /Users/test/FlywayMigration)
2025-06-12T23:40:06.000+01:00  INFO 19995 --- [hibernate-lms-application] [           main] c.e.lms.HibernateLmsApplicationTests     : The following 1 profile is active: "local"
2025-06-12T23:40:06.046+01:00 DEBUG 19995 --- [hibernate-lms-application] [           main] o.s.w.c.s.GenericWebApplicationContext   : Refreshing org.springframework.web.context.support.GenericWebApplicationContext@742d4e15
2025-06-12T23:40:07.476+01:00  INFO 19995 --- [hibernate-lms-application] [           main] .s.d.r.c.RepositoryConfigurationDelegate : Bootstrapping Spring Data JPA repositories in DEFAULT mode.
2025-06-12T23:40:07.612+01:00  INFO 19995 --- [hibernate-lms-application] [           main] .s.d.r.c.RepositoryConfigurationDelegate : Finished Spring Data repository scanning in 122 ms. Found 7 JPA repository interfaces.
2025-06-12T23:40:09.107+01:00  INFO 19995 --- [hibernate-lms-application] [           main] o.s.o.j.p.SpringPersistenceUnitInfo      : No LoadTimeWeaver setup: ignoring JPA class transformer
2025-06-12T23:40:09.150+01:00  INFO 19995 --- [hibernate-lms-application] [           main] com.zaxxer.hikari.HikariDataSource       : HikariPool-1 - Starting...
2025-06-12T23:40:09.592+01:00  INFO 19995 --- [hibernate-lms-application] [           main] com.zaxxer.hikari.pool.HikariPool        : HikariPool-1 - Added connection org.postgresql.jdbc.PgConnection@74431832
2025-06-12T23:40:09.594+01:00  INFO 19995 --- [hibernate-lms-application] [           main] com.zaxxer.hikari.HikariDataSource       : HikariPool-1 - Start completed.
2025-06-12T23:40:12.419+01:00  INFO 19995 --- [hibernate-lms-application] [           main] j.LocalContainerEntityManagerFactoryBean : Initialized JPA EntityManagerFactory for persistence unit 'default'
2025-06-12T23:40:13.015+01:00  INFO 19995 --- [hibernate-lms-application] [           main] eAuthenticationProviderManagerConfigurer : Global AuthenticationManager configured with AuthenticationProvider bean with name authenticationProvider
2025-06-12T23:40:13.016+01:00  WARN 19995 --- [hibernate-lms-application] [           main] r$InitializeUserDetailsManagerConfigurer : Global AuthenticationManager configured with an AuthenticationProvider bean. UserDetailsService beans will not be used by Spring Security for automatically configuring username/password login. Consider removing the AuthenticationProvider bean. Alternatively, consider using the UserDetailsService in a manually instantiated DaoAuthenticationProvider. If the current configuration is intentional, to turn off this warning, increase the logging level of 'org.springframework.security.config.annotation.authentication.configuration.InitializeUserDetailsBeanManagerConfigurer' to ERROR
2025-06-12T23:40:13.061+01:00  INFO 19995 --- [hibernate-lms-application] [           main] o.s.d.j.r.query.QueryEnhancerFactory     : Hibernate is in classpath; If applicable, HQL parser will be used.
2025-06-12T23:40:14.504+01:00 DEBUG 19995 --- [hibernate-lms-application] [           main] o.s.w.s.s.s.WebSocketHandlerMapping      : Patterns [/ws/**] in 'stompWebSocketHandlerMapping'
2025-06-12T23:40:14.665+01:00  WARN 19995 --- [hibernate-lms-application] [           main] JpaBaseConfiguration$JpaWebConfiguration : spring.jpa.open-in-view is enabled by default. Therefore, database queries may be performed during view rendering. Explicitly configure spring.jpa.open-in-view to disable this warning
2025-06-12T23:40:14.782+01:00 DEBUG 19995 --- [hibernate-lms-application] [           main] .WebSocketAnnotationMethodMessageHandler : 
	c.e.l.a.AssignmentController:
	
2025-06-12T23:40:14.782+01:00 DEBUG 19995 --- [hibernate-lms-application] [           main] .WebSocketAnnotationMethodMessageHandler : 
	c.e.l.a.AuthController:
	
2025-06-12T23:40:14.783+01:00 DEBUG 19995 --- [hibernate-lms-application] [           main] .WebSocketAnnotationMethodMessageHandler : 
	c.e.l.a.OAuth2AuthController:
	
2025-06-12T23:40:14.786+01:00 DEBUG 19995 --- [hibernate-lms-application] [           main] .WebSocketAnnotationMethodMessageHandler : 
	c.e.l.c.ChatController:
	{[MESSAGE],[/chat.addUser]}: addUser(ChatMessage)
	{[MESSAGE],[/chat.sendMessage]}: sendMessage(ChatMessage)
2025-06-12T23:40:14.788+01:00 DEBUG 19995 --- [hibernate-lms-application] [           main] .WebSocketAnnotationMethodMessageHandler : 
	c.e.l.c.CourseController:
	
2025-06-12T23:40:14.789+01:00 DEBUG 19995 --- [hibernate-lms-application] [           main] .WebSocketAnnotationMethodMessageHandler : 
	c.e.l.e.EnrollmentController:
	
2025-06-12T23:40:14.789+01:00 DEBUG 19995 --- [hibernate-lms-application] [           main] .WebSocketAnnotationMethodMessageHandler : 
	c.e.l.l.LessonController:
	
2025-06-12T23:40:14.789+01:00 DEBUG 19995 --- [hibernate-lms-application] [           main] .WebSocketAnnotationMethodMessageHandler : 
	c.e.l.p.PaymentController:
	
2025-06-12T23:40:14.789+01:00 DEBUG 19995 --- [hibernate-lms-application] [           main] .WebSocketAnnotationMethodMessageHandler : 
	c.e.l.s.SocialMediaProfileController:
	
2025-06-12T23:40:14.789+01:00 DEBUG 19995 --- [hibernate-lms-application] [           main] .WebSocketAnnotationMethodMessageHandler : 
	c.e.l.s.SubmissionController:
	
2025-06-12T23:40:14.789+01:00 DEBUG 19995 --- [hibernate-lms-application] [           main] .WebSocketAnnotationMethodMessageHandler : 
	c.e.l.u.UserController:
	
2025-06-12T23:40:14.792+01:00 DEBUG 19995 --- [hibernate-lms-application] [           main] .WebSocketAnnotationMethodMessageHandler : 
	o.s.b.a.w.s.e.BasicErrorController:
	
2025-06-12T23:40:14.799+01:00 DEBUG 19995 --- [hibernate-lms-application] [           main] .WebSocketAnnotationMethodMessageHandler : 
	o.s.w.a.OpenApiWebMvcResource:
	
2025-06-12T23:40:14.799+01:00 DEBUG 19995 --- [hibernate-lms-application] [           main] .WebSocketAnnotationMethodMessageHandler : 
	o.s.w.u.SwaggerWelcomeWebMvc:
	
2025-06-12T23:40:14.800+01:00 DEBUG 19995 --- [hibernate-lms-application] [           main] .WebSocketAnnotationMethodMessageHandler : 
	o.s.w.u.SwaggerConfigResource:
	
2025-06-12T23:40:15.032+01:00 DEBUG 19995 --- [hibernate-lms-application] [           main] s.w.s.m.m.a.RequestMappingHandlerMapping : 53 mappings in 'requestMappingHandlerMapping'
2025-06-12T23:40:15.120+01:00  WARN 19995 --- [hibernate-lms-application] [           main] o.s.w.s.resource.ResourceHandlerUtils    : Appended trailing slash to static resource location: file:///Users/test/FlywayMigration/uploads/
2025-06-12T23:40:15.122+01:00 DEBUG 19995 --- [hibernate-lms-application] [           main] o.s.w.s.handler.SimpleUrlHandlerMapping  : Patterns [/webjars/**, /**, /uploads/**, /swagger-ui*/*swagger-initializer.js, /swagger-ui*/**] in 'resourceHandlerMapping'
2025-06-12T23:40:15.487+01:00 DEBUG 19995 --- [hibernate-lms-application] [           main] s.w.s.m.m.a.RequestMappingHandlerAdapter : ControllerAdvice beans: 0 @ModelAttribute, 0 @InitBinder, 1 RequestBodyAdvice, 1 ResponseBodyAdvice
2025-06-12T23:40:15.550+01:00  WARN 19995 --- [hibernate-lms-application] [           main] ion$DefaultTemplateResolverConfiguration : Cannot find template location: classpath:/templates/ (please add some templates, check your Thymeleaf configuration, or set spring.thymeleaf.check-template-location=false)
2025-06-12T23:40:15.575+01:00 DEBUG 19995 --- [hibernate-lms-application] [           main] .m.m.a.ExceptionHandlerExceptionResolver : ControllerAdvice beans: 2 @ExceptionHandler, 1 ResponseBodyAdvice
2025-06-12T23:40:16.169+01:00 DEBUG 19995 --- [hibernate-lms-application] [           main] org.springframework.web.SimpLogging      : clientOutboundChannel added SubProtocolWebSocketHandler[StompSubProtocolHandler[v10.stomp, v11.stomp, v12.stomp]]
2025-06-12T23:40:16.169+01:00 DEBUG 19995 --- [hibernate-lms-application] [           main] org.springframework.web.SimpLogging      : clientInboundChannel added WebSocketAnnotationMethodMessageHandler[prefixes=[/app/]]
2025-06-12T23:40:16.169+01:00  INFO 19995 --- [hibernate-lms-application] [           main] o.s.m.s.b.SimpleBrokerMessageHandler     : Starting...
2025-06-12T23:40:16.169+01:00 DEBUG 19995 --- [hibernate-lms-application] [           main] org.springframework.web.SimpLogging      : clientInboundChannel added SimpleBrokerMessageHandler [org.springframework.messaging.simp.broker.DefaultSubscriptionRegistry@74d56a25]
2025-06-12T23:40:16.170+01:00 DEBUG 19995 --- [hibernate-lms-application] [           main] org.springframework.web.SimpLogging      : brokerChannel added SimpleBrokerMessageHandler [org.springframework.messaging.simp.broker.DefaultSubscriptionRegistry@74d56a25]
2025-06-12T23:40:16.170+01:00  INFO 19995 --- [hibernate-lms-application] [           main] o.s.m.s.b.SimpleBrokerMessageHandler     : BrokerAvailabilityEvent[available=true, SimpleBrokerMessageHandler [org.springframework.messaging.simp.broker.DefaultSubscriptionRegistry@74d56a25]]
2025-06-12T23:40:16.172+01:00  INFO 19995 --- [hibernate-lms-application] [           main] o.s.m.s.b.SimpleBrokerMessageHandler     : Started.
2025-06-12T23:40:16.172+01:00 DEBUG 19995 --- [hibernate-lms-application] [           main] org.springframework.web.SimpLogging      : clientInboundChannel added UserDestinationMessageHandler[DefaultUserDestinationResolver[prefix=/user/]]
2025-06-12T23:40:16.172+01:00 DEBUG 19995 --- [hibernate-lms-application] [           main] org.springframework.web.SimpLogging      : brokerChannel added UserDestinationMessageHandler[DefaultUserDestinationResolver[prefix=/user/]]
2025-06-12T23:40:16.184+01:00  INFO 19995 --- [hibernate-lms-application] [           main] c.e.lms.HibernateLmsApplicationTests     : Started HibernateLmsApplicationTests in 10.654 seconds (process running for 12.437)
]]></system-out>
    <system-err><![CDATA[Mockito is currently self-attaching to enable the inline-mock-maker. This will no longer work in future releases of the JDK. Please add Mockito as an agent to your build what is described in Mockito's documentation: https://javadoc.io/doc/org.mockito/mockito-core/latest/org/mockito/Mockito.html#0.3
WARNING: A Java agent has been loaded dynamically (/Users/test/.m2/repository/net/bytebuddy/byte-buddy-agent/1.15.11/byte-buddy-agent-1.15.11.jar)
WARNING: If a serviceability tool is in use, please run with -XX:+EnableDynamicAgentLoading to hide this warning
WARNING: If a serviceability tool is not in use, please run with -Djdk.instrument.traceUsage for more information
WARNING: Dynamic loading of agents will be disallowed by default in a future release
]]></system-err>
  </testcase>
</testsuite>